- Pascal-FC for IBM PC compatibles - 
- GNU Compiler Version P5.2

G L Davies  &  A Burns, University of York

Compiler listing

    1     0 program ejercicio7;
    2     0 
    3     0 var
    4     0   horas, minutos, segundos, tiempoTotal: Integer;
    5     0 begin
    6     0     
    7     0   write('Ingrese las horas: ');
    8     2   readln(horas);
    9     5   
   10     5   write('Ingrese los minutos: ');
   11     7   readln(minutos);
   12    10   
   13    10   write('Ingrese los segundos: ');
   14    12   readln(segundos);
   15    15   
   16    15   tiempoTotal := (horas * 3600) + (minutos * 60) + segundos;
   17    26   
   18    26   writeln('El tiempo total en segundos es: ', tiempoTotal);
   19    31   
   20    31   readln;
   21    32 end.



Symbol table

    name       link      objekt       type         ref      nrm  lev  adr  aux

 45 _main        44     procedure   notyp           2      True    0    0    0
 46 any           0     variable    synch           0      True    1    5    0
 47 horas        46     variable    integer         0      True    1    5    0
 48 minutos      47     variable    integer         0      True    1    6    0
 49 segundos     48     variable    integer         0      True    1    7    0
 50 tiempotota   49     variable    integer         0      True    1    8    0

Generated P-code

    0     ldcon.i      0        19          ;7
    1     wrstr        0         0          ;7
    2     ldadr        1         5          ;8
    3     rdinp.i      0         0          ;8
    4     rdlin        0         0          ;8
    5     ldcon.i      0        21          ;10
    6     wrstr        0        19          ;10
    7     ldadr        1         6          ;11
    8     rdinp.i      0         0          ;11
    9     rdlin        0         0          ;11
   10     ldcon.i      0        22          ;13
   11     wrstr        0        40          ;13
   12     ldadr        1         7          ;14
   13     rdinp.i      0         0          ;14
   14     rdlin        0         0          ;14
   15     ldadr        1         8          ;14
   16     ldval.i      1         5          ;16
   17     ldcon.i      0      3600          ;16
   18     mulop.i      0         0          ;16
   19     ldval.i      1         6          ;16
   20     ldcon.i      0        60          ;16
   21     mulop.i      0         0          ;16
   22     addop.i      0         0          ;16
   23     ldval.i      1         7          ;16
   24     addop.i      0         0          ;16
   25     store.i      0         0          ;16
   26     ldcon.i      0        32          ;18
   27     wrstr        0        62          ;18
   28     ldval.i      1         8          ;18
   29     wrval.i      0         0          ;18
   30     wrlin        0         0          ;18
   31     rdlin        0         0          ;18
   32     stopx        0         0          ;20
