- Pascal-FC for IBM PC compatibles - 
- GNU Compiler Version P5.2

G L Davies  &  A Burns, University of York

Compiler listing

    1     0 program ejercicio4;
    2     0 
    3     0 var
    4     0  numero: integer; 
    5     0 begin
    6     0  writeln('Ingrese un numero: ');
    7     3  readln(numero);
    8     6  if numero > 100 then 
    9    10   writeln('El numero ', numero, ' es mayor a 100. ')
   10    16  else
   11    17   writeln('El numero ', numero, ' es menor a 100. ')
   12    24 
   13    24 end.



Symbol table

    name       link      objekt       type         ref      nrm  lev  adr  aux

 45 _main        44     procedure   notyp           2      True    0    0    0
 46 any           0     variable    synch           0      True    1    5    0
 47 numero       46     variable    integer         0      True    1    5    0

Generated P-code

    0     ldcon.i      0        19          ;6
    1     wrstr        0         0          ;6
    2     wrlin        0         0          ;6
    3     ldadr        1         5          ;7
    4     rdinp.i      0         0          ;7
    5     rdlin        0         0          ;7
    6     ldval.i      1         5          ;8
    7     ldcon.i      0       100          ;8
    8     relgt.i      0         0          ;8
    9     jmpiz        0        18          ;8
   10     ldcon.i      0        10          ;9
   11     wrstr        0        19          ;9
   12     ldval.i      1         5          ;9
   13     wrval.i      0         0          ;9
   14     ldcon.i      0        17          ;9
   15     wrstr        0        29          ;9
   16     wrlin        0         0          ;9
   17     jmpuc        0        25          ;9
   18     ldcon.i      0        10          ;11
   19     wrstr        0        46          ;11
   20     ldval.i      1         5          ;11
   21     wrval.i      0         0          ;11
   22     ldcon.i      0        17          ;11
   23     wrstr        0        56          ;11
   24     wrlin        0         0          ;11
   25     stopx        0         0          ;11
